#
# There is insufficient memory for the Java Runtime Environment to continue.
# Native memory allocation (mmap) failed to map 130023424 bytes. Error detail: G1 virtual space
# Possible reasons:
#   The system is out of physical RAM or swap space
#   This process is running with CompressedOops enabled, and the Java Heap may be blocking the growth of the native heap
# Possible solutions:
#   Reduce memory load on the system
#   Increase physical memory or swap space
#   Check if swap backing store is full
#   Decrease Java heap size (-Xmx/-Xms)
#   Decrease number of Java threads
#   Decrease Java thread stack sizes (-Xss)
#   Set larger code cache with -XX:ReservedCodeCacheSize=
#   JVM is running with Unscaled Compressed Oops mode in which the Java heap is
#     placed in the first 4GB address space. The Java Heap base address is the
#     maximum limit for the native heap growth. Please use -XX:HeapBaseMinAddress
#     to set the Java Heap base and to place the Java Heap above 4GB virtual address.
# This output file may be truncated or incomplete.
#
#  Out of Memory Error (os_windows.cpp:3703), pid=22196, tid=28732
#
# JRE version:  (23.0+37) (build )
# Java VM: Java HotSpot(TM) 64-Bit Server VM (23+37-2369, mixed mode, sharing, tiered, compressed oops, compressed class ptrs, g1 gc, windows-amd64)
# No core dump will be written. Minidumps are not enabled by default on client versions of Windows
#

---------------  S U M M A R Y ------------

Command Line: -Dfile.encoding=UTF-8 GiaoDich_app.ui.AddGiaoDichView

Host: 11th Gen Intel(R) Core(TM) i7-11800H @ 2.30GHz, 16 cores, 7G,  Windows 11 , 64 bit Build 22621 (10.0.22621.3958)
Time: Thu Oct 24 10:14:24 2024 SE Asia Standard Time elapsed time: 0.010256 seconds (0d 0h 0m 0s)

---------------  T H R E A D  ---------------

Current thread (0x000002d9e3445740):  JavaThread "Unknown thread" [_thread_in_vm, id=28732, stack(0x000000f6d9f00000,0x000000f6da000000) (1024K)]

Stack: [0x000000f6d9f00000,0x000000f6da000000]
Native frames: (J=compiled Java code, j=interpreted, Vv=VM code, C=native code)
V  [jvm.dll+0x6e08a9]  (no source info available)
V  [jvm.dll+0x87da63]  (no source info available)
V  [jvm.dll+0x87feee]  (no source info available)
V  [jvm.dll+0x8805c3]  (no source info available)
V  [jvm.dll+0x27aee6]  (no source info available)
V  [jvm.dll+0x6dd1b5]  (no source info available)
V  [jvm.dll+0x6d103a]  (no source info available)
V  [jvm.dll+0x35b3ea]  (no source info available)
V  [jvm.dll+0x3637f6]  (no source info available)
V  [jvm.dll+0x34fd5e]  (no source info available)
V  [jvm.dll+0x34fff8]  (no source info available)
V  [jvm.dll+0x3289cc]  (no source info available)
V  [jvm.dll+0x32966e]  (no source info available)
V  [jvm.dll+0x8442e5]  (no source info available)
V  [jvm.dll+0x3b9848]  (no source info available)
V  [jvm.dll+0x82d0dc]  (no source info available)
V  [jvm.dll+0x454d4e]  (no source info available)
V  [jvm.dll+0x456bd1]  (no source info available)
C  [jli.dll+0x52a3]  (no source info available)
C  [ucrtbase.dll+0x29333]  (no source info available)
C  [KERNEL32.DLL+0x1257d]  (no source info available)
C  [ntdll.dll+0x5af08]  (no source info available)

Lock stack of current Java thread (top to bottom):


---------------  P R O C E S S  ---------------

Threads class SMR info:
_java_thread_list=0x00007ff9df5d3618, length=0, elements={
}

Java Threads: ( => current thread )
Total: 0

Other Threads:
  0x000002d9e57095f0 WorkerThread "GC Thread#0"                     [id=22972, stack(0x000000f6da000000,0x000000f6da100000) (1024K)]
  0x000002d9e571d9e0 ConcurrentGCThread "G1 Main Marker"            [id=21660, stack(0x000000f6da100000,0x000000f6da200000) (1024K)]
  0x000002d9e571e4f0 WorkerThread "G1 Conc#0"                       [id=28808, stack(0x000000f6da200000,0x000000f6da300000) (1024K)]

[error occurred during error reporting (printing all threads), id 0xc0000005, EXCEPTION_ACCESS_VIOLATION (0xc0000005) at pc=0x00007ff9ded1bfba]
VM state: not at safepoint (not fully initialized)

VM Mutex/Monitor currently owned by a thread:  ([mutex/lock_event])
[0x00007ff9df653a10] Heap_lock - owner thread: 0x000002d9e3445740

Heap address: 0x0000000085a00000, size: 1958 MB, Compressed Oops mode: 32-bit

CDS archive(s) mapped at: [0x0000000000000000-0x0000000000000000-0x0000000000000000), size 0, SharedBaseAddress: 0x0000000800000000, ArchiveRelocationMode: 1.
Narrow klass base: 0x0000000000000000, Narrow klass shift: 0, Narrow klass range: 0x0

GC Precious Log:
 CardTable entry size: 512
 Card Set container configuration: InlinePtr #cards 5 size 8 Array Of Cards #cards 10 size 36 Howl #buckets 4 coarsen threshold 1843 Howl Bitmap #cards 512 size 80 coarsen threshold 460 Card regions per heap region 1 cards per card region 2048

Heap:
 garbage-first heap   total reserved 2004992K, committed 0K, used 0K [0x0000000085a00000, 0x0000000100000000)
  region size 1024K, 0 young (0K), 0 survivors (0K)

[error occurred during error reporting (printing heap information), id 0xc0000005, EXCEPTION_ACCESS_VIOLATION (0xc0000005) at pc=0x00007ff9df11c3b9]
GC Heap History (0 events):
No events

Dll operation events (1 events):
Event: 0.005 Loaded shared library C:\Program Files\Java\jdk-23\bin\java.dll

Deoptimization events (0 events):
No events

Classes loaded (0 events):
No events

Classes unloaded (0 events):
No events

Classes redefined (0 events):
No events

Internal exceptions (0 events):
No events

VM Operations (0 events):
No events

Memory protections (0 events):
No events

Nmethod flushes (0 events):
No events

Events (0 events):
No events


Dynamic libraries:
0x00007ff735e40000 - 0x00007ff735e50000 	C:\Program Files\Java\jdk-23\bin\java.exe
0x00007ffac4230000 - 0x00007ffac4447000 	C:\WINDOWS\SYSTEM32\ntdll.dll
0x00007ffac3200000 - 0x00007ffac32c4000 	C:\WINDOWS\System32\KERNEL32.DLL
0x00007ffac1b40000 - 0x00007ffac1ef7000 	C:\WINDOWS\System32\KERNELBASE.dll
0x00007ffac1840000 - 0x00007ffac1951000 	C:\WINDOWS\System32\ucrtbase.dll
0x00007ffa98ec0000 - 0x00007ffa98edb000 	C:\Program Files\Java\jdk-23\bin\VCRUNTIME140.dll
0x00007ffa90d60000 - 0x00007ffa90d77000 	C:\Program Files\Java\jdk-23\bin\jli.dll
0x00007ffac25a0000 - 0x00007ffac274f000 	C:\WINDOWS\System32\USER32.dll
0x00007ffac1f30000 - 0x00007ffac1f56000 	C:\WINDOWS\System32\win32u.dll
0x00007ffaac340000 - 0x00007ffaac5d3000 	C:\WINDOWS\WinSxS\amd64_microsoft.windows.common-controls_6595b64144ccf1df_6.0.22621.3672_none_2713b9d173822955\COMCTL32.dll
0x00007ffac20c0000 - 0x00007ffac20e9000 	C:\WINDOWS\System32\GDI32.dll
0x00007ffac32d0000 - 0x00007ffac3377000 	C:\WINDOWS\System32\msvcrt.dll
0x00007ffac1a20000 - 0x00007ffac1b38000 	C:\WINDOWS\System32\gdi32full.dll
0x00007ffac17a0000 - 0x00007ffac183a000 	C:\WINDOWS\System32\msvcp_win.dll
0x00007ffac3400000 - 0x00007ffac3431000 	C:\WINDOWS\System32\IMM32.DLL
0x00007ffaa1f30000 - 0x00007ffaa1f3c000 	C:\Program Files\Java\jdk-23\bin\vcruntime140_1.dll
0x00007ffa1fc40000 - 0x00007ffa1fcce000 	C:\Program Files\Java\jdk-23\bin\msvcp140.dll
0x00007ff9de9e0000 - 0x00007ff9df72f000 	C:\Program Files\Java\jdk-23\bin\server\jvm.dll
0x00007ffac2d10000 - 0x00007ffac2dc2000 	C:\WINDOWS\System32\ADVAPI32.dll
0x00007ffac3140000 - 0x00007ffac31e8000 	C:\WINDOWS\System32\sechost.dll
0x00007ffac1f00000 - 0x00007ffac1f28000 	C:\WINDOWS\System32\bcrypt.dll
0x00007ffac2480000 - 0x00007ffac2594000 	C:\WINDOWS\System32\RPCRT4.dll
0x00007ffac3710000 - 0x00007ffac3781000 	C:\WINDOWS\System32\WS2_32.dll
0x00007ffac03b0000 - 0x00007ffac03fd000 	C:\WINDOWS\SYSTEM32\POWRPROF.dll
0x00007ffabcc10000 - 0x00007ffabcc44000 	C:\WINDOWS\SYSTEM32\WINMM.dll
0x00007ffabc1e0000 - 0x00007ffabc1ea000 	C:\WINDOWS\SYSTEM32\VERSION.dll
0x00007ffac0390000 - 0x00007ffac03a3000 	C:\WINDOWS\SYSTEM32\UMPDC.dll
0x00007ffac05a0000 - 0x00007ffac05b8000 	C:\WINDOWS\SYSTEM32\kernel.appcore.dll
0x00007ffaa09e0000 - 0x00007ffaa09ea000 	C:\Program Files\Java\jdk-23\bin\jimage.dll
0x00007ffabee30000 - 0x00007ffabf062000 	C:\WINDOWS\SYSTEM32\DBGHELP.DLL
0x00007ffac20f0000 - 0x00007ffac247e000 	C:\WINDOWS\System32\combase.dll
0x00007ffac2750000 - 0x00007ffac2827000 	C:\WINDOWS\System32\OLEAUT32.dll
0x00007ffa9b850000 - 0x00007ffa9b882000 	C:\WINDOWS\SYSTEM32\dbgcore.DLL
0x00007ffac16b0000 - 0x00007ffac172b000 	C:\WINDOWS\System32\bcryptPrimitives.dll
0x00007ffa98c70000 - 0x00007ffa98c8e000 	C:\Program Files\Java\jdk-23\bin\java.dll
0x00007ffac2f60000 - 0x00007ffac3105000 	C:\WINDOWS\System32\ole32.dll
0x00007ffac3890000 - 0x00007ffac40f9000 	C:\WINDOWS\System32\SHELL32.dll

dbghelp: loaded successfully - version: 4.0.5 - missing functions: none
symbol engine: initialized successfully - sym options: 0x614 - pdb path: .;C:\Program Files\Java\jdk-23\bin;C:\WINDOWS\SYSTEM32;C:\WINDOWS\WinSxS\amd64_microsoft.windows.common-controls_6595b64144ccf1df_6.0.22621.3672_none_2713b9d173822955;C:\Program Files\Java\jdk-23\bin\server

VM Arguments:
jvm_args: -Dfile.encoding=UTF-8 
java_command: GiaoDich_app.ui.AddGiaoDichView
java_class_path (initial): D:\Gia Dinh uni\Hoc ki 6\thiet ke pm-t5\doan\demo\target\classes
Launcher Type: SUN_STANDARD

[Global flags]
     intx CICompilerCount                          = 12                                        {product} {ergonomic}
     uint ConcGCThreads                            = 3                                         {product} {ergonomic}
     uint G1ConcRefinementThreads                  = 13                                        {product} {ergonomic}
   size_t G1HeapRegionSize                         = 1048576                                   {product} {ergonomic}
   size_t InitialHeapSize                          = 130023424                                 {product} {ergonomic}
   size_t MarkStackSize                            = 4194304                                   {product} {ergonomic}
   size_t MarkStackSizeMax                         = 536870912                                 {product} {ergonomic}
   size_t MaxHeapSize                              = 2053111808                                {product} {ergonomic}
   size_t MinHeapDeltaBytes                        = 1048576                                   {product} {ergonomic}
   size_t MinHeapSize                              = 8388608                                   {product} {ergonomic}
    uintx NonNMethodCodeHeapSize                   = 7602176                                {pd product} {ergonomic}
    uintx NonProfiledCodeHeapSize                  = 122093568                              {pd product} {ergonomic}
    uintx ProfiledCodeHeapSize                     = 121962496                              {pd product} {ergonomic}
    uintx ReservedCodeCacheSize                    = 251658240                              {pd product} {ergonomic}
     bool SegmentedCodeCache                       = true                                      {product} {ergonomic}
   size_t SoftMaxHeapSize                          = 2053111808                             {manageable} {ergonomic}
     bool UseCompressedOops                        = true                           {product lp64_product} {ergonomic}
     bool UseG1GC                                  = true                                      {product} {ergonomic}
     bool UseLargePagesIndividualAllocation        = false                                  {pd product} {ergonomic}

Logging:
Log output configuration:
 #0: stdout all=warning uptime,level,tags foldmultilines=false
 #1: stderr all=off uptime,level,tags foldmultilines=false

Environment Variables:
JAVA_HOME=C:\Program Files\Java\jdk-23
PATH=C:\Program Files\Common Files\Oracle\Java\javapath;C:\windows\system32;C:\windows;C:\windows\System32\Wbem;C:\windows\System32\WindowsPowerShell\v1.0\;C:\windows\System32\OpenSSH\;C:\Program Files (x86)\NVIDIA Corporation\PhysX\Common;C:\Program Files\NVIDIA Corporation\NVIDIA NvDLISR;C:\WINDOWS\system32;C:\WINDOWS;C:\WINDOWS\System32\Wbem;C:\WINDOWS\System32\WindowsPowerShell\v1.0\;C:\WINDOWS\System32\OpenSSH\;C:\Program Files (x86)\Microsoft SQL Server\160\DTS\Binn\;C:\Program Files (x86)\Microsoft SQL Server\160\Tools\Binn\;C:\Program Files\Microsoft SQL Server\160\Tools\Binn\;C:\Program Files\Microsoft SQL Server\Client SDK\ODBC\170\Tools\Binn\;C:\Program Files\Microsoft SQL Server\160\DTS\Binn\;C:\Program Files\Microsoft SQL Server\150\Tools\Binn\;C:\Program Files\dotnet\;C:\Program Files\Docker\Docker\resources\bin;C:\Program Files\Java\jdk-22\bin;D:\Git\Git\cmd;C:\Users\tqh20\AppData\Roaming\nvm;C:\Program Files\nodejs;C:\Program Files\nodejs\;C:\Program Files\Cloudflare\Cloudflare WARP\;C:\Users\tqh20\Downloads\Maven\apache-maven-3.9.9\bin;C:\Users\tqh20\AppData\Local\Programs\Python\Python312\Scripts\;C:\Users\tqh20\AppData\Local\Programs\Python\Python312\;C:\Users\tqh20\AppData\Local\Programs\Python\Launcher\;C:\Users\tqh20\AppData\Local\Microsoft\WindowsApps;D:\MY FIRST WEBSITE\Microsoft VS Code\bin;C:\Users\tqh20\.dotnet\tools;C:\Users\tqh20\AppData\Roaming\nvm;C:\Program Files\nodejs;C:\Users\tqh20\AppData\Roaming\npm;D:\IntelliJ\IntelliJ IDEA 2024.2.3\bin;
USERNAME=tqh20
OS=Windows_NT
PROCESSOR_IDENTIFIER=Intel64 Family 6 Model 141 Stepping 1, GenuineIntel
TMP=C:\Users\tqh20\AppData\Local\Temp
TEMP=C:\Users\tqh20\AppData\Local\Temp




Periodic native trim disabled

---------------  S Y S T E M  ---------------

OS:
 Windows 11 , 64 bit Build 22621 (10.0.22621.3958)
OS uptime: 0 days 15:55 hours
Hyper-V role detected

CPU: total 16 (initial active 16) (8 cores per cpu, 2 threads per core) family 6 model 141 stepping 1 microcode 0x4e, cx8, cmov, fxsr, ht, mmx, 3dnowpref, sse, sse2, sse3, ssse3, sse4.1, sse4.2, popcnt, lzcnt, tsc, tscinvbit, avx, avx2, aes, erms, clmul, bmi1, bmi2, adx, avx512f, avx512dq, avx512cd, avx512bw, avx512vl, sha, fma, vzeroupper, avx512_vpopcntdq, avx512_vpclmulqdq, avx512_vaes, avx512_vnni, clflush, clflushopt, clwb, avx512_vbmi2, avx512_vbmi, hv, rdtscp, rdpid, fsrm, gfni, avx512_bitalg, f16c, cet_ibt, cet_ss, avx512_ifma
Processor Information for the first 16 processors :
  Max Mhz: 2304, Current Mhz: 2304, Mhz Limit: 2304

Memory: 4k page, system-wide physical 7829M (288M free)
TotalPageFile size 31381M (AvailPageFile size 28M)
current process WorkingSet (physical memory assigned to process): 12M, peak: 12M
current process commit charge ("private bytes"): 71M, peak: 195M

vm_info: Java HotSpot(TM) 64-Bit Server VM (23+37-2369) for windows-amd64 JRE (23+37-2369), built on 2024-08-20T16:01:23Z with MS VC++ 17.6 (VS2022)

END.
